<?xml version="1.0" encoding="UTF-8"?>
<!-- Generated by org.testng.reporters.JUnitReportReporter -->
<testsuite hostname="DESKTOP-RDHUOQB" failures="0" tests="1" name="com.nopcommerce.testCases.TC_AddCustomerTest_003" time="15.210" errors="0" timestamp="2022-05-29T22:53:17 BST" skipped="0">
  <testcase classname="com.nopcommerce.testCases.TC_AddCustomerTest_003" name="AddNewCustomer" time="15.210"/>
  <system-out/>
</testsuite> <!-- com.nopcommerce.testCases.TC_AddCustomerTest_003 -->
