<?xml version="1.0" encoding="UTF-8"?>
<!-- Generated by org.testng.reporters.JUnitReportReporter -->
<testsuite hostname="DESKTOP-RDHUOQB" failures="0" tests="3" name="com.nopcommerce.testCases.loginTest" time="20.958" errors="0" timestamp="2022-05-26T21:59:16 BST" skipped="0">
  <testcase classname="com.nopcommerce.testCases.loginTest" name="setUrl" time="9.433"/>
  <system-out/>
  <testcase classname="com.nopcommerce.testCases.loginTest" name="login" time="11.151"/>
  <system-out/>
  <testcase classname="com.nopcommerce.testCases.loginTest" name="bye" time="0.374"/>
  <system-out/>
</testsuite> <!-- com.nopcommerce.testCases.loginTest -->
