<?xml version="1.0" encoding="UTF-8"?>
<!-- Generated by org.testng.reporters.JUnitReportReporter -->
<testsuite hostname="DESKTOP-RDHUOQB" failures="0" tests="1" name="com.nopcommerce.testCases.TC_LoginTest_001" time="12.019" errors="0" timestamp="2022-05-29T22:14:52 BST" skipped="0">
  <testcase classname="com.nopcommerce.testCases.TC_LoginTest_001" name="login" time="12.019"/>
  <system-out/>
</testsuite> <!-- com.nopcommerce.testCases.TC_LoginTest_001 -->
